[UPDATED] Easy To Follow (IRE)
[UPDATED] Farasi Lane (IRE)
[UPDATED] Get A Superstar (IRE)
[UPDATED] Give Me A Boom (IRE)
[UPDATED] Great Blasket (IRE)
[UPDATED] Hill Station (FR)
[UPDATED] La Renommee (FR)
[UPDATED] Macanogue (IRE)
[UPDATED] Ninth Life (USA)
[UPDATED] Overnight Oats (GB)
[UPDATED] Rewired (GB)
[UPDATED] Simpson's Paradox (IRE)
[UPDATED] Supremely West (IRE)
[UPDATED] Tiger Orchid (IRE)
[UPDATED] Yccs Portocervo (FR)
[UPDATED] Amerigo Vespucci (IRE)
[UPDATED] Rhasidat (IRE)
[UPDATED] Amor Cordis (IRE)
[FAILED] Aoife’s Thunder
[FAILED] Asmen Warrior
[FAILED] Grey Phoenix
[FAILED] Knight’s Gold
[FAILED] Ruby’s Profit
