Arguments: 
  C:\Program Files\nodejs\node.exe C:\Users\pedru\AppData\Roaming\npm\node_modules\yarn\bin\yarn.js add puppetteer

PATH: 
  C:\Program Files (x86)\Common Files\Oracle\Java\javapath;C:\Program Files (x86)\NVIDIA Corporation\PhysX\Common;C:\Python27;C:\Python38\Scripts\;C:\Python38\;C:\Windows\system32;C:\Windows;C:\Windows\System32\Wbem;C:\Windows\System32\WindowsPowerShell\v1.0\;C:\Windows\System32\OpenSSH\;C:\ProgramData\chocolatey\bin;C:\Program Files\LLVM\bin;C:\Program Files\NVIDIA Corporation\NVIDIA NvDLISR;C:\Program Files (x86)\GNU\GnuPG\pub;C:\Program Files\Git\cmd;C:\Program Files\nodejs\;C:\WINDOWS\system32;C:\WINDOWS;C:\WINDOWS\System32\Wbem;C:\WINDOWS\System32\WindowsPowerShell\v1.0\;C:\WINDOWS\System32\OpenSSH\;C:\Program Files\Docker\Docker\resources\bin;C:\ProgramData\DockerDesktop\version-bin;C:\FPC\3.2.0\bin\i386-Win32;C:\Program Files (x86)\QuickTime\QTSystem\;C:\Users\pedru\Documents\Tools;C:\Users\pedru\.local\share\solana\install\active_release\bin;C:\Program Files (x86)\GnuWin32\bin;C:\Users\pedru\.cargo\bin;C:\Users\pedru\AppData\Local\Microsoft\WindowsApps;C:\Users\pedru\AppData\Local\Programs\Microsoft VS Code\bin;C:\Users\pedru\AppData\Local\Android\Sdk\platform-tools;C:\Program Files\Java\jdk-13.0.2\bin;C:\Program Files (x86)\Nmap;C:\metasploit-framework\bin;C:\Program Files\heroku\bin;C:\Users\pedru\.deno\bin;C:\ffmpeg\bin;C:\mysql-shell\bin;C:\win-builds\bin;C:\Users\pedru\AppData\Local\Programs\IPFS Desktop\resources\app.asar.unpacked\src\ipfs-on-path\scripts\bin-win;C:\Program Files\Docker Toolbox;C:\Users\pedru\AppData\Roaming\npm;C:\Program Files (x86)\mitmproxy\bin;C:\Users\pedru\AppData\Local\Microsoft\WindowsApps

Yarn version: 
  1.22.0

Node version: 
  14.9.0

Platform: 
  win32 x64

Trace: 
  Error: https://registry.yarnpkg.com/puppetteer: Not found
      at Request.params.callback [as _callback] (C:\Users\pedru\AppData\Roaming\npm\node_modules\yarn\lib\cli.js:66975:18)
      at Request.self.callback (C:\Users\pedru\AppData\Roaming\npm\node_modules\yarn\lib\cli.js:140727:22)
      at Request.emit (events.js:314:20)
      at Request.<anonymous> (C:\Users\pedru\AppData\Roaming\npm\node_modules\yarn\lib\cli.js:141699:10)
      at Request.emit (events.js:314:20)
      at IncomingMessage.<anonymous> (C:\Users\pedru\AppData\Roaming\npm\node_modules\yarn\lib\cli.js:141621:12)
      at Object.onceWrapper (events.js:420:28)
      at IncomingMessage.emit (events.js:326:22)
      at endReadableNT (_stream_readable.js:1244:12)
      at processTicksAndRejections (internal/process/task_queues.js:80:21)

npm manifest: 
  {
    "name": "atr-stable-tour-scrapper",
    "version": "1.0.0",
    "main": "index.js",
    "license": "MIT"
  }

yarn manifest: 
  No manifest

Lockfile: 
  No lockfile
